app/build/intermediates/manifest_merge_blame_file/debug/processDebugMainManifest/manifest-merger-blame-debug-report.txt
1<?xml version="1.0" encoding="utf-8"?>
2<manifest xmlns:android="http://schemas.android.com/apk/res/android"
3    package="com.safetrace.safetraceapp"
4    android:versionCode="1"
5    android:versionName="1.0" >
6
7    <uses-sdk
8        android:minSdkVersion="26"
9        android:targetSdkVersion="34" />
10
11    <!-- Permissions pour les fonctionnalités clés -->
12    <uses-permission android:name="android.permission.CAMERA" />
12-->src\main\AndroidManifest.xml:6:5-65
12-->src\main\AndroidManifest.xml:6:22-62
13    <uses-permission android:name="android.permission.RECORD_AUDIO" />
13-->src\main\AndroidManifest.xml:7:5-71
13-->src\main\AndroidManifest.xml:7:22-68
14    <uses-permission
14-->src\main\AndroidManifest.xml:8:5-9:38
15        android:name="android.permission.WRITE_EXTERNAL_STORAGE"
15-->src\main\AndroidManifest.xml:8:22-78
16        android:maxSdkVersion="28" />
16-->src\main\AndroidManifest.xml:9:9-35
17    <uses-permission android:name="android.permission.ACCESS_FINE_LOCATION" />
17-->src\main\AndroidManifest.xml:10:5-79
17-->src\main\AndroidManifest.xml:10:22-76
18    <uses-permission android:name="android.permission.ACCESS_COARSE_LOCATION" />
18-->src\main\AndroidManifest.xml:11:5-81
18-->src\main\AndroidManifest.xml:11:22-78
19    <uses-permission android:name="android.permission.SEND_SMS" />
19-->src\main\AndroidManifest.xml:12:5-67
19-->src\main\AndroidManifest.xml:12:22-64
20    <uses-permission android:name="android.permission.RECEIVE_BOOT_COMPLETED" />
20-->src\main\AndroidManifest.xml:13:5-81
20-->src\main\AndroidManifest.xml:13:22-78
21    <uses-permission android:name="android.permission.FOREGROUND_SERVICE" />
21-->src\main\AndroidManifest.xml:14:5-77
21-->src\main\AndroidManifest.xml:14:22-74
22
23    <!-- Nécessaire pour la fonctionnalité SOS (Power Button) -->
24    <uses-permission android:name="android.permission.WAKE_LOCK" />
24-->src\main\AndroidManifest.xml:17:5-68
24-->src\main\AndroidManifest.xml:17:22-65
25    <uses-permission android:name="android.permission.POST_NOTIFICATIONS" />
25-->src\main\AndroidManifest.xml:18:5-77
25-->src\main\AndroidManifest.xml:18:22-74
26
27    <queries>
27-->[androidx.camera:camera-extensions:1.3.2] AndroidManifest.xml:22:5-26:15
28        <intent>
28-->[androidx.camera:camera-extensions:1.3.2] AndroidManifest.xml:23:9-25:18
29            <action android:name="androidx.camera.extensions.action.VENDOR_ACTION" />
29-->[androidx.camera:camera-extensions:1.3.2] AndroidManifest.xml:24:13-86
29-->[androidx.camera:camera-extensions:1.3.2] AndroidManifest.xml:24:21-83
30        </intent>
31    </queries>
32
33    <permission
33-->[androidx.core:core:1.12.0] AndroidManifest.xml:22:5-24:47
34        android:name="com.safetrace.safetraceapp.DYNAMIC_RECEIVER_NOT_EXPORTED_PERMISSION"
34-->[androidx.core:core:1.12.0] AndroidManifest.xml:23:9-81
35        android:protectionLevel="signature" />
35-->[androidx.core:core:1.12.0] AndroidManifest.xml:24:9-44
36
37    <uses-permission android:name="com.safetrace.safetraceapp.DYNAMIC_RECEIVER_NOT_EXPORTED_PERMISSION" />
37-->[androidx.core:core:1.12.0] AndroidManifest.xml:26:5-97
37-->[androidx.core:core:1.12.0] AndroidManifest.xml:26:22-94
38
39    <application
39-->src\main\AndroidManifest.xml:20:5-62:19
40        android:name="com.safetrace.safetraceapp.SafeTraceApplication"
40-->src\main\AndroidManifest.xml:21:9-45
41        android:allowBackup="true"
41-->src\main\AndroidManifest.xml:22:9-35
42        android:appComponentFactory="androidx.core.app.CoreComponentFactory"
42-->[androidx.core:core:1.12.0] AndroidManifest.xml:28:18-86
43        android:dataExtractionRules="@xml/data_extraction_rules"
43-->src\main\AndroidManifest.xml:23:9-65
44        android:debuggable="true"
45        android:extractNativeLibs="false"
46        android:fullBackupContent="@xml/backup_rules"
46-->src\main\AndroidManifest.xml:24:9-54
47        android:icon="@mipmap/ic_launcher"
47-->src\main\AndroidManifest.xml:25:9-43
48        android:label="@string/app_name"
48-->src\main\AndroidManifest.xml:26:9-41
49        android:roundIcon="@mipmap/ic_launcher_round"
49-->src\main\AndroidManifest.xml:27:9-54
50        android:supportsRtl="true"
50-->src\main\AndroidManifest.xml:28:9-35
51        android:testOnly="true"
52        android:theme="@style/Theme.SafeTrace" >
52-->src\main\AndroidManifest.xml:29:9-47
53
54        <!-- Activité principale -->
55        <activity
55-->src\main\AndroidManifest.xml:33:9-41:20
56            android:name="com.safetrace.safetraceapp.MainActivity"
56-->src\main\AndroidManifest.xml:34:13-41
57            android:exported="true"
57-->src\main\AndroidManifest.xml:35:13-36
58            android:launchMode="singleTop" >
58-->src\main\AndroidManifest.xml:36:13-43
59            <intent-filter>
59-->src\main\AndroidManifest.xml:37:13-40:29
60                <action android:name="android.intent.action.MAIN" />
60-->src\main\AndroidManifest.xml:38:17-69
60-->src\main\AndroidManifest.xml:38:25-66
61
62                <category android:name="android.intent.category.LAUNCHER" />
62-->src\main\AndroidManifest.xml:39:17-77
62-->src\main\AndroidManifest.xml:39:27-74
63            </intent-filter>
64        </activity>
65
66        <!-- Service pour la fonction SOS en arrière-plan -->
67        <service
67-->src\main\AndroidManifest.xml:44:9-47:56
68            android:name="com.safetrace.safetraceapp.service.SOSService"
68-->src\main\AndroidManifest.xml:45:13-47
69            android:exported="false"
69-->src\main\AndroidManifest.xml:46:13-37
70            android:foregroundServiceType="location" />
70-->src\main\AndroidManifest.xml:47:13-53
71
72        <!-- BroadcastReceiver pour écouter le bouton Power (simulé) -->
73        <!-- Note: L'écoute directe du bouton Power est restreinte. Une solution alternative (e.g., accessibilité ou capteur de proximité) serait nécessaire pour une implémentation réelle, mais nous simulerons la logique ici. -->
74        <receiver
74-->src\main\AndroidManifest.xml:51:9-60:20
75            android:name="com.safetrace.safetraceapp.service.PowerButtonReceiver"
75-->src\main\AndroidManifest.xml:52:13-56
76            android:enabled="true"
76-->src\main\AndroidManifest.xml:53:13-35
77            android:exported="true" >
77-->src\main\AndroidManifest.xml:54:13-36
78            <intent-filter>
78-->src\main\AndroidManifest.xml:55:13-59:29
79                <action android:name="android.intent.action.SCREEN_OFF" />
79-->src\main\AndroidManifest.xml:56:17-75
79-->src\main\AndroidManifest.xml:56:25-72
80                <action android:name="android.intent.action.SCREEN_ON" />
80-->src\main\AndroidManifest.xml:57:17-74
80-->src\main\AndroidManifest.xml:57:25-71
81                <action android:name="android.intent.action.BOOT_COMPLETED" />
81-->src\main\AndroidManifest.xml:58:17-79
81-->src\main\AndroidManifest.xml:58:25-76
82            </intent-filter>
83        </receiver>
84
85        <uses-library
85-->[androidx.camera:camera-extensions:1.3.2] AndroidManifest.xml:29:9-31:40
86            android:name="androidx.camera.extensions.impl"
86-->[androidx.camera:camera-extensions:1.3.2] AndroidManifest.xml:30:13-59
87            android:required="false" />
87-->[androidx.camera:camera-extensions:1.3.2] AndroidManifest.xml:31:13-37
88
89        <service
89-->[androidx.camera:camera-camera2:1.3.2] AndroidManifest.xml:24:9-33:19
90            android:name="androidx.camera.core.impl.MetadataHolderService"
90-->[androidx.camera:camera-camera2:1.3.2] AndroidManifest.xml:25:13-75
91            android:enabled="false"
91-->[androidx.camera:camera-camera2:1.3.2] AndroidManifest.xml:26:13-36
92            android:exported="false" >
92-->[androidx.camera:camera-camera2:1.3.2] AndroidManifest.xml:27:13-37
93            <meta-data
93-->[androidx.camera:camera-camera2:1.3.2] AndroidManifest.xml:30:13-32:89
94                android:name="androidx.camera.core.impl.MetadataHolderService.DEFAULT_CONFIG_PROVIDER"
94-->[androidx.camera:camera-camera2:1.3.2] AndroidManifest.xml:31:17-103
95                android:value="androidx.camera.camera2.Camera2Config$DefaultProvider" />
95-->[androidx.camera:camera-camera2:1.3.2] AndroidManifest.xml:32:17-86
96        </service>
97
98        <provider
98-->[androidx.emoji2:emoji2:1.2.0] AndroidManifest.xml:24:9-32:20
99            android:name="androidx.startup.InitializationProvider"
99-->[androidx.emoji2:emoji2:1.2.0] AndroidManifest.xml:25:13-67
100            android:authorities="com.safetrace.safetraceapp.androidx-startup"
100-->[androidx.emoji2:emoji2:1.2.0] AndroidManifest.xml:26:13-68
101            android:exported="false" >
101-->[androidx.emoji2:emoji2:1.2.0] AndroidManifest.xml:27:13-37
102            <meta-data
102-->[androidx.emoji2:emoji2:1.2.0] AndroidManifest.xml:29:13-31:52
103                android:name="androidx.emoji2.text.EmojiCompatInitializer"
103-->[androidx.emoji2:emoji2:1.2.0] AndroidManifest.xml:30:17-75
104                android:value="androidx.startup" />
104-->[androidx.emoji2:emoji2:1.2.0] AndroidManifest.xml:31:17-49
105            <meta-data
105-->[androidx.lifecycle:lifecycle-process:2.7.0] AndroidManifest.xml:29:13-31:52
106                android:name="androidx.lifecycle.ProcessLifecycleInitializer"
106-->[androidx.lifecycle:lifecycle-process:2.7.0] AndroidManifest.xml:30:17-78
107                android:value="androidx.startup" />
107-->[androidx.lifecycle:lifecycle-process:2.7.0] AndroidManifest.xml:31:17-49
108            <meta-data
108-->[androidx.profileinstaller:profileinstaller:1.3.0] AndroidManifest.xml:29:13-31:52
109                android:name="androidx.profileinstaller.ProfileInstallerInitializer"
109-->[androidx.profileinstaller:profileinstaller:1.3.0] AndroidManifest.xml:30:17-85
110                android:value="androidx.startup" />
110-->[androidx.profileinstaller:profileinstaller:1.3.0] AndroidManifest.xml:31:17-49
111        </provider>
112
113        <activity
113-->[com.google.android.gms:play-services-base:18.1.0] AndroidManifest.xml:20:9-22:45
114            android:name="com.google.android.gms.common.api.GoogleApiActivity"
114-->[com.google.android.gms:play-services-base:18.1.0] AndroidManifest.xml:20:19-85
115            android:exported="false"
115-->[com.google.android.gms:play-services-base:18.1.0] AndroidManifest.xml:22:19-43
116            android:theme="@android:style/Theme.Translucent.NoTitleBar" />
116-->[com.google.android.gms:play-services-base:18.1.0] AndroidManifest.xml:21:19-78
117
118        <meta-data
118-->[com.google.android.gms:play-services-basement:18.1.0] AndroidManifest.xml:21:9-23:69
119            android:name="com.google.android.gms.version"
119-->[com.google.android.gms:play-services-basement:18.1.0] AndroidManifest.xml:22:13-58
120            android:value="@integer/google_play_services_version" />
120-->[com.google.android.gms:play-services-basement:18.1.0] AndroidManifest.xml:23:13-66
121
122        <uses-library
122-->[androidx.window:window:1.0.0] AndroidManifest.xml:25:9-27:40
123            android:name="androidx.window.extensions"
123-->[androidx.window:window:1.0.0] AndroidManifest.xml:26:13-54
124            android:required="false" />
124-->[androidx.window:window:1.0.0] AndroidManifest.xml:27:13-37
125        <uses-library
125-->[androidx.window:window:1.0.0] AndroidManifest.xml:28:9-30:40
126            android:name="androidx.window.sidecar"
126-->[androidx.window:window:1.0.0] AndroidManifest.xml:29:13-51
127            android:required="false" />
127-->[androidx.window:window:1.0.0] AndroidManifest.xml:30:13-37
128
129        <service
129-->[androidx.room:room-runtime:2.6.1] AndroidManifest.xml:24:9-28:63
130            android:name="androidx.room.MultiInstanceInvalidationService"
130-->[androidx.room:room-runtime:2.6.1] AndroidManifest.xml:25:13-74
131            android:directBootAware="true"
131-->[androidx.room:room-runtime:2.6.1] AndroidManifest.xml:26:13-43
132            android:exported="false" />
132-->[androidx.room:room-runtime:2.6.1] AndroidManifest.xml:27:13-37
133
134        <receiver
134-->[androidx.profileinstaller:profileinstaller:1.3.0] AndroidManifest.xml:34:9-52:20
135            android:name="androidx.profileinstaller.ProfileInstallReceiver"
135-->[androidx.profileinstaller:profileinstaller:1.3.0] AndroidManifest.xml:35:13-76
136            android:directBootAware="false"
136-->[androidx.profileinstaller:profileinstaller:1.3.0] AndroidManifest.xml:36:13-44
137            android:enabled="true"
137-->[androidx.profileinstaller:profileinstaller:1.3.0] AndroidManifest.xml:37:13-35
138            android:exported="true"
138-->[androidx.profileinstaller:profileinstaller:1.3.0] AndroidManifest.xml:38:13-36
139            android:permission="android.permission.DUMP" >
139-->[androidx.profileinstaller:profileinstaller:1.3.0] AndroidManifest.xml:39:13-57
140            <intent-filter>
140-->[androidx.profileinstaller:profileinstaller:1.3.0] AndroidManifest.xml:40:13-42:29
141                <action android:name="androidx.profileinstaller.action.INSTALL_PROFILE" />
141-->[androidx.profileinstaller:profileinstaller:1.3.0] AndroidManifest.xml:41:17-91
141-->[androidx.profileinstaller:profileinstaller:1.3.0] AndroidManifest.xml:41:25-88
142            </intent-filter>
143            <intent-filter>
143-->[androidx.profileinstaller:profileinstaller:1.3.0] AndroidManifest.xml:43:13-45:29
144                <action android:name="androidx.profileinstaller.action.SKIP_FILE" />
144-->[androidx.profileinstaller:profileinstaller:1.3.0] AndroidManifest.xml:44:17-85
144-->[androidx.profileinstaller:profileinstaller:1.3.0] AndroidManifest.xml:44:25-82
145            </intent-filter>
146            <intent-filter>
146-->[androidx.profileinstaller:profileinstaller:1.3.0] AndroidManifest.xml:46:13-48:29
147                <action android:name="androidx.profileinstaller.action.SAVE_PROFILE" />
147-->[androidx.profileinstaller:profileinstaller:1.3.0] AndroidManifest.xml:47:17-88
147-->[androidx.profileinstaller:profileinstaller:1.3.0] AndroidManifest.xml:47:25-85
148            </intent-filter>
149            <intent-filter>
149-->[androidx.profileinstaller:profileinstaller:1.3.0] AndroidManifest.xml:49:13-51:29
150                <action android:name="androidx.profileinstaller.action.BENCHMARK_OPERATION" />
150-->[androidx.profileinstaller:profileinstaller:1.3.0] AndroidManifest.xml:50:17-95
150-->[androidx.profileinstaller:profileinstaller:1.3.0] AndroidManifest.xml:50:25-92
151            </intent-filter>
152        </receiver>
153    </application>
154
155</manifest>